#
# There is insufficient memory for the Java Runtime Environment to continue.
# Native memory allocation (malloc) failed to allocate 61312 bytes for Chunk::new
# Possible reasons:
#   The system is out of physical RAM or swap space
#   In 32 bit mode, the process size limit was hit
# Possible solutions:
#   Reduce memory load on the system
#   Increase physical memory or swap space
#   Check if swap backing store is full
#   Use 64 bit Java on a 64 bit OS
#   Decrease Java heap size (-Xmx/-Xms)
#   Decrease number of Java threads
#   Decrease Java thread stack sizes (-Xss)
#   Set larger code cache with -XX:ReservedCodeCacheSize=
# This output file may be truncated or incomplete.
#
#  Out of Memory Error (allocation.cpp:390), pid=26072, tid=0x00000000000062e8
#
# JRE version: Java(TM) SE Runtime Environment (8.0_144-b01) (build 1.8.0_144-b01)
# Java VM: Java HotSpot(TM) 64-Bit Server VM (25.144-b01 mixed mode windows-amd64 compressed oops)
# Failed to write core dump. Minidumps are not enabled by default on client versions of Windows
#

---------------  T H R E A D  ---------------

Current thread (0x00000000186a4000):  JavaThread "C2 CompilerThread1" daemon [_thread_in_native, id=25320, stack(0x0000000019e00000,0x0000000019f00000)]

Stack: [0x0000000019e00000,0x0000000019f00000]
[error occurred during error reporting (printing stack bounds), id 0xc0000005]

Native frames: (J=compiled Java code, j=interpreted, Vv=VM code, C=native code)


Current CompileTask:
C2:  29977 1505   !   4       java.net.URL::<init> (543 bytes)


---------------  P R O C E S S  ---------------

Java Threads: ( => current thread )
  0x000000001a773800 JavaThread "Okio Watchdog" daemon [_thread_blocked, id=13332, stack(0x000000001d210000,0x000000001d310000)]
  0x000000001a714000 JavaThread "OkHttp ConnectionPool" daemon [_thread_blocked, id=22492, stack(0x000000001d110000,0x000000001d210000)]
  0x000000001abfc800 JavaThread "Exec Stream Pumper" daemon [_thread_in_native, id=17820, stack(0x000000001bb40000,0x000000001bc40000)]
  0x000000001abf9000 JavaThread "Exec Stream Pumper" daemon [_thread_in_native, id=13820, stack(0x000000001ba40000,0x000000001bb40000)]
  0x000000001acdc000 JavaThread "UrlChecker-2" daemon [_thread_blocked, id=13904, stack(0x000000001b940000,0x000000001ba40000)]
  0x000000001acdb800 JavaThread "Exec Default Executor" daemon [_thread_in_native, id=22020, stack(0x000000001b840000,0x000000001b940000)]
  0x000000001a7bb800 JavaThread "ReaderThread" [_thread_in_native, id=24372, stack(0x000000001b340000,0x000000001b440000)]
  0x000000001a018800 JavaThread "Service Thread" daemon [_thread_blocked, id=8376, stack(0x000000001a400000,0x000000001a500000)]
  0x00000000186a7000 JavaThread "C1 CompilerThread2" daemon [_thread_blocked, id=28068, stack(0x0000000019f00000,0x000000001a000000)]
=>0x00000000186a4000 JavaThread "C2 CompilerThread1" daemon [_thread_in_native, id=25320, stack(0x0000000019e00000,0x0000000019f00000)]
  0x00000000186a0000 JavaThread "C2 CompilerThread0" daemon [_thread_blocked, id=23244, stack(0x0000000019d00000,0x0000000019e00000)]
  0x000000001869d800 JavaThread "Attach Listener" daemon [_thread_blocked, id=28856, stack(0x0000000019c00000,0x0000000019d00000)]
  0x000000001869c800 JavaThread "Signal Dispatcher" daemon [_thread_blocked, id=27748, stack(0x0000000019b00000,0x0000000019c00000)]
  0x000000001868a800 JavaThread "Finalizer" daemon [_thread_blocked, id=13816, stack(0x0000000019900000,0x0000000019a00000)]
  0x0000000002ee1000 JavaThread "Reference Handler" daemon [_thread_blocked, id=27304, stack(0x0000000019800000,0x0000000019900000)]
  0x0000000002c6e800 JavaThread "main" [_thread_in_native, id=13764, stack(0x0000000004c30000,0x0000000004d30000)]

Other Threads:
  0x0000000018668000 VMThread [stack: 0x0000000019700000,0x0000000019800000] [id=24260]
  0x000000001a052800 WatcherThread [stack: 0x000000001a500000,0x000000001a600000] [id=14060]

VM state:not at safepoint (normal execution)

VM Mutex/Monitor currently owned by a thread: None

Heap:
 PSYoungGen      total 28672K, used 10716K [0x00000000e0000000, 0x00000000e2000000, 0x0000000100000000)
  eden space 24576K, 27% used [0x00000000e0000000,0x00000000e067ee40,0x00000000e1800000)
  from space 4096K, 99% used [0x00000000e1c00000,0x00000000e1ff83d0,0x00000000e2000000)
  to   space 4096K, 0% used [0x00000000e1800000,0x00000000e1800000,0x00000000e1c00000)
 ParOldGen       total 65536K, used 3582K [0x00000000a0000000, 0x00000000a4000000, 0x00000000e0000000)
  object space 65536K, 5% used [0x00000000a0000000,0x00000000a037f968,0x00000000a4000000)
 Metaspace       used 17190K, capacity 17964K, committed 18048K, reserved 1064960K
  class space    used 2195K, capacity 2426K, committed 2432K, reserved 1048576K

Card table byte_map: [0x00000000140f0000,0x0000000014400000] byte_map_base: 0x0000000013bf0000

Marking Bits: (ParMarkBitMap*) 0x000000007495d850
 Begin Bits: [0x0000000014a00000, 0x0000000016200000)
 End Bits:   [0x0000000016200000, 0x0000000017a00000)

Polling page: 0x0000000002c20000

CodeCache: size=245760Kb used=5092Kb max_used=5102Kb free=240667Kb
 bounds [0x0000000004d30000, 0x0000000005230000, 0x0000000013d30000]
 total_blobs=1919 nmethods=1505 adapters=327
 compilation: enabled

Compilation events (10 events):
Event: 29.881 Thread 0x00000000186a7000 nmethod 1501 0x0000000005220d50 code [0x0000000005220ec0, 0x0000000005221048]
Event: 29.881 Thread 0x00000000186a7000 1500       1       java.util.Formatter$FixedString::index (3 bytes)
Event: 29.881 Thread 0x00000000186a7000 nmethod 1500 0x000000000522c410 code [0x000000000522c560, 0x000000000522c670]
Event: 29.881 Thread 0x00000000186a7000 1502       3       java.util.regex.Matcher::end (22 bytes)
Event: 29.881 Thread 0x00000000186a7000 nmethod 1502 0x000000000522bf50 code [0x000000000522c0c0, 0x000000000522c328]
Event: 29.905 Thread 0x00000000186a7000 1503       3       java.lang.AbstractStringBuilder::append (50 bytes)
Event: 29.906 Thread 0x00000000186a7000 nmethod 1503 0x000000000522b310 code [0x000000000522b4e0, 0x000000000522bc38]
Event: 29.921 Thread 0x00000000186a0000 1504       4       java.util.zip.Inflater::ensureOpen (47 bytes)
Event: 29.922 Thread 0x00000000186a0000 nmethod 1504 0x0000000005229b90 code [0x0000000005229cc0, 0x0000000005229d58]
Event: 29.947 Thread 0x00000000186a4000 1505   !   4       java.net.URL::<init> (543 bytes)

GC Heap History (4 events):
Event: 3.154 GC heap before
{Heap before GC invocations=1 (full 0):
 PSYoungGen      total 28672K, used 24576K [0x00000000e0000000, 0x00000000e2000000, 0x0000000100000000)
  eden space 24576K, 100% used [0x00000000e0000000,0x00000000e1800000,0x00000000e1800000)
  from space 4096K, 0% used [0x00000000e1c00000,0x00000000e1c00000,0x00000000e2000000)
  to   space 4096K, 0% used [0x00000000e1800000,0x00000000e1800000,0x00000000e1c00000)
 ParOldGen       total 65536K, used 0K [0x00000000a0000000, 0x00000000a4000000, 0x00000000e0000000)
  object space 65536K, 0% used [0x00000000a0000000,0x00000000a0000000,0x00000000a4000000)
 Metaspace       used 12038K, capacity 12328K, committed 12672K, reserved 1060864K
  class space    used 1458K, capacity 1563K, committed 1664K, reserved 1048576K
Event: 3.164 GC heap after
Heap after GC invocations=1 (full 0):
 PSYoungGen      total 28672K, used 4082K [0x00000000e0000000, 0x00000000e2000000, 0x0000000100000000)
  eden space 24576K, 0% used [0x00000000e0000000,0x00000000e0000000,0x00000000e1800000)
  from space 4096K, 99% used [0x00000000e1800000,0x00000000e1bfc8e0,0x00000000e1c00000)
  to   space 4096K, 0% used [0x00000000e1c00000,0x00000000e1c00000,0x00000000e2000000)
 ParOldGen       total 65536K, used 1316K [0x00000000a0000000, 0x00000000a4000000, 0x00000000e0000000)
  object space 65536K, 2% used [0x00000000a0000000,0x00000000a0149360,0x00000000a4000000)
 Metaspace       used 12038K, capacity 12328K, committed 12672K, reserved 1060864K
  class space    used 1458K, capacity 1563K, committed 1664K, reserved 1048576K
}
Event: 8.567 GC heap before
{Heap before GC invocations=2 (full 0):
 PSYoungGen      total 28672K, used 28658K [0x00000000e0000000, 0x00000000e2000000, 0x0000000100000000)
  eden space 24576K, 100% used [0x00000000e0000000,0x00000000e1800000,0x00000000e1800000)
  from space 4096K, 99% used [0x00000000e1800000,0x00000000e1bfc8e0,0x00000000e1c00000)
  to   space 4096K, 0% used [0x00000000e1c00000,0x00000000e1c00000,0x00000000e2000000)
 ParOldGen       total 65536K, used 1316K [0x00000000a0000000, 0x00000000a4000000, 0x00000000e0000000)
  object space 65536K, 2% used [0x00000000a0000000,0x00000000a0149360,0x00000000a4000000)
 Metaspace       used 15833K, capacity 16512K, committed 16640K, reserved 1062912K
  class space    used 2008K, capacity 2184K, committed 2304K, reserved 1048576K
Event: 8.580 GC heap after
Heap after GC invocations=2 (full 0):
 PSYoungGen      total 28672K, used 4064K [0x00000000e0000000, 0x00000000e2000000, 0x0000000100000000)
  eden space 24576K, 0% used [0x00000000e0000000,0x00000000e0000000,0x00000000e1800000)
  from space 4096K, 99% used [0x00000000e1c00000,0x00000000e1ff83d0,0x00000000e2000000)
  to   space 4096K, 0% used [0x00000000e1800000,0x00000000e1800000,0x00000000e1c00000)
 ParOldGen       total 65536K, used 3582K [0x00000000a0000000, 0x00000000a4000000, 0x00000000e0000000)
  object space 65536K, 5% used [0x00000000a0000000,0x00000000a037f968,0x00000000a4000000)
 Metaspace       used 15833K, capacity 16512K, committed 16640K, reserved 1062912K
  class space    used 2008K, capacity 2184K, committed 2304K, reserved 1048576K
}

Deoptimization events (10 events):
Event: 8.465 Thread 0x0000000002c6e800 Uncommon trap: reason=class_check action=maybe_recompile pc=0x000000000516e504 method=java.util.regex.Matcher.search(I)Z @ 86
Event: 8.465 Thread 0x0000000002c6e800 Uncommon trap: reason=class_check action=maybe_recompile pc=0x00000000051146f4 method=java.util.regex.Pattern$Curly.match(Ljava/util/regex/Matcher;ILjava/lang/CharSequence;)Z @ 19
Event: 8.475 Thread 0x0000000002c6e800 Uncommon trap: reason=class_check action=maybe_recompile pc=0x00000000051146f4 method=java.util.regex.Pattern$Curly.match(Ljava/util/regex/Matcher;ILjava/lang/CharSequence;)Z @ 19
Event: 8.475 Thread 0x0000000002c6e800 Uncommon trap: reason=class_check action=maybe_recompile pc=0x00000000051146f4 method=java.util.regex.Pattern$Curly.match(Ljava/util/regex/Matcher;ILjava/lang/CharSequence;)Z @ 19
Event: 8.537 Thread 0x0000000002c6e800 Uncommon trap: reason=unstable_if action=reinterpret pc=0x00000000050f6968 method=java.util.regex.Pattern$BmpCharProperty.match(Ljava/util/regex/Matcher;ILjava/lang/CharSequence;)Z @ 34
Event: 27.586 Thread 0x0000000002c6e800 Uncommon trap: reason=class_check action=maybe_recompile pc=0x00000000051f5c34 method=org.openqa.selenium.json.Input.init()V @ 18
Event: 27.586 Thread 0x0000000002c6e800 Uncommon trap: reason=class_check action=maybe_recompile pc=0x00000000051f5c34 method=org.openqa.selenium.json.Input.init()V @ 18
Event: 27.586 Thread 0x0000000002c6e800 Uncommon trap: reason=class_check action=maybe_recompile pc=0x00000000051f5c34 method=org.openqa.selenium.json.Input.init()V @ 18
Event: 27.586 Thread 0x0000000002c6e800 Uncommon trap: reason=class_check action=maybe_recompile pc=0x00000000051f5c34 method=org.openqa.selenium.json.Input.init()V @ 18
Event: 29.899 Thread 0x0000000002c6e800 Uncommon trap: reason=unstable_if action=reinterpret pc=0x0000000004f2f398 method=java.lang.AbstractStringBuilder.append(Ljava/lang/String;)Ljava/lang/AbstractStringBuilder; @ 1

Internal exceptions (10 events):
Event: 8.284 Thread 0x0000000002c6e800 Exception <a 'java/lang/NoSuchMethodError': java.lang.Object.lambda$or$2(Ljava/util/function/Predicate;Ljava/lang/Object;)Z> (0x00000000e0d5a8e8) thrown at [C:\re\workspace\8-2-build-windows-amd64-cygwin\jdk8u144\9417\hotspot\src\share\vm\interpreter\link
Event: 8.375 Thread 0x0000000002c6e800 Exception <a 'java/lang/NoSuchMethodError': java.lang.Object.lambda$chars$0()Ljava/util/Spliterator$OfInt;> (0x00000000e1083fa0) thrown at [C:\re\workspace\8-2-build-windows-amd64-cygwin\jdk8u144\9417\hotspot\src\share\vm\interpreter\linkResolver.cpp, lin
Event: 27.599 Thread 0x0000000002c6e800 Exception <a 'java/lang/NoSuchMethodError': java.lang.Object.lambda$getResponseFunction$0(Lorg/openqa/selenium/remote/InitialHandshakeResponse;)Lorg/openqa/selenium/remote/ProtocolHandshake$Result;> (0x00000000e02d5668) thrown at [C:\re\workspace\8-2-buil
Event: 27.767 Thread 0x0000000002c6e800 Exception <a 'java/net/SocketTimeoutException': Read timed out> (0x00000000e0455ba8) thrown at [C:\re\workspace\8-2-build-windows-amd64-cygwin\jdk8u144\9417\hotspot\src\share\vm\prims\jni.cpp, line 735]
Event: 29.835 Thread 0x0000000002c6e800 Exception <a 'java/net/SocketTimeoutException': Read timed out> (0x00000000e0474478) thrown at [C:\re\workspace\8-2-build-windows-amd64-cygwin\jdk8u144\9417\hotspot\src\share\vm\prims\jni.cpp, line 735]
Event: 29.899 Thread 0x0000000002c6e800 Implicit null exception at 0x0000000004f2efd4 to 0x0000000004f2f381
Event: 29.946 Thread 0x0000000002c6e800 Exception <a 'java/lang/ClassNotFoundException': org/apache/log4j/PatternLayoutBeanInfo> (0x00000000e06301f0) thrown at [C:\re\workspace\8-2-build-windows-amd64-cygwin\jdk8u144\9417\hotspot\src\share\vm\classfile\systemDictionary.cpp, line 210]
Event: 29.947 Thread 0x0000000002c6e800 Exception <a 'java/lang/ClassNotFoundException': org/apache/log4j/LayoutBeanInfo> (0x00000000e06396c8) thrown at [C:\re\workspace\8-2-build-windows-amd64-cygwin\jdk8u144\9417\hotspot\src\share\vm\classfile\systemDictionary.cpp, line 210]
Event: 29.947 Thread 0x0000000002c6e800 Exception <a 'java/lang/ClassNotFoundException': java/lang/ObjectBeanInfo> (0x00000000e063dd78) thrown at [C:\re\workspace\8-2-build-windows-amd64-cygwin\jdk8u144\9417\hotspot\src\share\vm\classfile\systemDictionary.cpp, line 210]
Event: 29.947 Thread 0x0000000002c6e800 Exception <a 'java/lang/ClassNotFoundException': java/lang/ObjectCustomizer> (0x00000000e0642680) thrown at [C:\re\workspace\8-2-build-windows-amd64-cygwin\jdk8u144\9417\hotspot\src\share\vm\classfile\systemDictionary.cpp, line 210]

Events (10 events):
Event: 29.954 loading class java/beans/MethodRef done
Event: 29.954 loading class com/sun/beans/TypeResolver
Event: 29.954 loading class com/sun/beans/TypeResolver done
Event: 29.954 loading class sun/reflect/generics/scope/MethodScope
Event: 29.956 loading class sun/reflect/generics/scope/MethodScope done
Event: 29.956 loading class sun/reflect/generics/repository/MethodRepository
Event: 29.958 loading class sun/reflect/generics/repository/ConstructorRepository
Event: 29.958 loading class sun/reflect/generics/repository/ConstructorRepository done
Event: 29.958 loading class sun/reflect/generics/repository/MethodRepository done
Event: 29.959 loading class sun/reflect/generics/tree/BottomSignature


Dynamic libraries:
0x00007ff6b76f0000 - 0x00007ff6b7727000 	C:\Program Files\Java\jre1.8.0_144\bin\javaw.exe
0x00007ff8c0b50000 - 0x00007ff8c0d30000 	C:\WINDOWS\SYSTEM32\ntdll.dll
0x00007ff8be740000 - 0x00007ff8be7ee000 	C:\WINDOWS\System32\KERNEL32.DLL
0x00007ff8bd830000 - 0x00007ff8bda96000 	C:\WINDOWS\System32\KERNELBASE.dll
0x0000000077d80000 - 0x0000000077e15000 	C:\WINDOWS\System32\SYSFER.DLL
0x00007ff8be690000 - 0x00007ff8be731000 	C:\WINDOWS\System32\ADVAPI32.dll
0x00007ff8c0910000 - 0x00007ff8c09ad000 	C:\WINDOWS\System32\msvcrt.dll
0x00007ff8be610000 - 0x00007ff8be66b000 	C:\WINDOWS\System32\sechost.dll
0x00007ff8bea80000 - 0x00007ff8beb9f000 	C:\WINDOWS\System32\RPCRT4.dll
0x00007ff8bec20000 - 0x00007ff8bedaf000 	C:\WINDOWS\System32\USER32.dll
0x00007ff8bd810000 - 0x00007ff8bd830000 	C:\WINDOWS\System32\win32u.dll
0x00007ff8be050000 - 0x00007ff8be078000 	C:\WINDOWS\System32\GDI32.dll
0x00007ff8bdaa0000 - 0x00007ff8bdc33000 	C:\WINDOWS\System32\gdi32full.dll
0x00007ff8bd770000 - 0x00007ff8bd80b000 	C:\WINDOWS\System32\msvcp_win.dll
0x00007ff8bdd50000 - 0x00007ff8bde44000 	C:\WINDOWS\System32\ucrtbase.dll
0x00007ff8ac750000 - 0x00007ff8ac9b9000 	C:\WINDOWS\WinSxS\amd64_microsoft.windows.common-controls_6595b64144ccf1df_6.0.16299.1504_none_0f88b60a5a6c73b1\COMCTL32.dll
0x00007ff8be300000 - 0x00007ff8be606000 	C:\WINDOWS\System32\combase.dll
0x00007ff8bcf50000 - 0x00007ff8bcfc8000 	C:\WINDOWS\System32\bcryptPrimitives.dll
0x00007ff8beba0000 - 0x00007ff8beba8000 	C:\WINDOWS\System32\psapi.dll
0x00007ff8be020000 - 0x00007ff8be04d000 	C:\WINDOWS\System32\IMM32.DLL
0x00007ff8bcd70000 - 0x00007ff8bcd96000 	C:\WINDOWS\system32\vmwsci.dll
0x00007ff898800000 - 0x00007ff898835000 	C:\Program Files\CyberArk\Endpoint Privilege Manager\Agent\PASAgent\SFDP_Detours64.dll
0x0000000073bf0000 - 0x0000000073cc2000 	C:\Program Files\Java\jre1.8.0_144\bin\msvcr100.dll
0x0000000074140000 - 0x00000000749dd000 	C:\Program Files\Java\jre1.8.0_144\bin\server\jvm.dll
0x00007ff8a8b60000 - 0x00007ff8a8b69000 	C:\WINDOWS\SYSTEM32\WSOCK32.dll
0x00007ff8bebb0000 - 0x00007ff8bec1c000 	C:\WINDOWS\System32\WS2_32.dll
0x00007ff8b9920000 - 0x00007ff8b9943000 	C:\WINDOWS\SYSTEM32\WINMM.dll
0x00007ff8bbb30000 - 0x00007ff8bbb3a000 	C:\WINDOWS\SYSTEM32\VERSION.dll
0x00007ff8b98c0000 - 0x00007ff8b98ea000 	C:\WINDOWS\SYSTEM32\WINMMBASE.dll
0x00007ff8bcfd0000 - 0x00007ff8bd01a000 	C:\WINDOWS\System32\cfgmgr32.dll
0x00000000761e0000 - 0x00000000761ef000 	C:\Program Files\Java\jre1.8.0_144\bin\verify.dll
0x0000000074110000 - 0x0000000074139000 	C:\Program Files\Java\jre1.8.0_144\bin\java.dll
0x00000000740f0000 - 0x0000000074106000 	C:\Program Files\Java\jre1.8.0_144\bin\zip.dll
0x00007ff8bf060000 - 0x00007ff8c049d000 	C:\WINDOWS\System32\SHELL32.dll
0x00007ff8be250000 - 0x00007ff8be2f6000 	C:\WINDOWS\System32\shcore.dll
0x00007ff8bd020000 - 0x00007ff8bd76a000 	C:\WINDOWS\System32\windows.storage.dll
0x00007ff8be7f0000 - 0x00007ff8be841000 	C:\WINDOWS\System32\shlwapi.dll
0x00007ff8bcec0000 - 0x00007ff8bced1000 	C:\WINDOWS\System32\kernel.appcore.dll
0x00007ff8bcee0000 - 0x00007ff8bcf2c000 	C:\WINDOWS\System32\powrprof.dll
0x00007ff8bcea0000 - 0x00007ff8bcebb000 	C:\WINDOWS\System32\profapi.dll
0x00000000740d0000 - 0x00000000740ea000 	C:\Program Files\Java\jre1.8.0_144\bin\net.dll
0x00007ff8bc350000 - 0x00007ff8bc3b6000 	C:\WINDOWS\system32\mswsock.dll
0x00007ff8bc0f0000 - 0x00007ff8bc1a7000 	C:\WINDOWS\SYSTEM32\DNSAPI.dll
0x00007ff8be670000 - 0x00007ff8be678000 	C:\WINDOWS\System32\NSI.dll
0x00007ff8bc0a0000 - 0x00007ff8bc0d9000 	C:\WINDOWS\SYSTEM32\IPHLPAPI.DLL
0x00007ff8a8b30000 - 0x00007ff8a8b51000 	C:\WINDOWS\FireEye\NamespaceToEvents.dll
0x00007ff8b0dd0000 - 0x00007ff8b0dda000 	C:\Windows\System32\rasadhlp.dll
0x00007ff8b7fa0000 - 0x00007ff8b8010000 	C:\WINDOWS\System32\fwpuclnt.dll
0x00007ff8bc9a0000 - 0x00007ff8bc9c5000 	C:\WINDOWS\SYSTEM32\bcrypt.dll
0x00007ff8bcba0000 - 0x00007ff8bcbb7000 	C:\WINDOWS\SYSTEM32\CRYPTSP.dll
0x00007ff8bbcf0000 - 0x00007ff8bbd23000 	C:\WINDOWS\system32\rsaenh.dll
0x00007ff8bcda0000 - 0x00007ff8bcdc9000 	C:\WINDOWS\SYSTEM32\USERENV.dll
0x00007ff8bc510000 - 0x00007ff8bc51b000 	C:\WINDOWS\SYSTEM32\CRYPTBASE.dll
0x00007ff8b7b70000 - 0x00007ff8b7b86000 	C:\WINDOWS\SYSTEM32\dhcpcsvc6.DLL
0x00007ff8b7b40000 - 0x00007ff8b7b5a000 	C:\WINDOWS\SYSTEM32\dhcpcsvc.DLL
0x00000000740b0000 - 0x00000000740c1000 	C:\Program Files\Java\jre1.8.0_144\bin\nio.dll
0x0000000074a20000 - 0x0000000074a44000 	C:\Program Files\Java\jre1.8.0_144\bin\sunec.dll
0x0000000074a10000 - 0x0000000074a1b000 	C:\Program Files\Java\jre1.8.0_144\bin\sunmscapi.dll
0x00007ff8bde50000 - 0x00007ff8be01e000 	C:\WINDOWS\System32\CRYPT32.dll
0x00007ff8bcf30000 - 0x00007ff8bcf42000 	C:\WINDOWS\System32\MSASN1.dll

VM Arguments:
jvm_args: -ea -Dfile.encoding=Cp1252 
java_command: org.testng.remote.RemoteTestNG -serport 64176 -protocol json -d D:\MMA_Automation\WorkSpace New\ToolsQADemoSite\test-output D:\Users\ashokpandian.s\AppData\Local\Temp\testng-eclipse-393696921\testng-customsuite.xml
java_class_path (initial): D:\Users\ashokpandian.s\Downloads\eclipse-jee-2018-09-win32-x86_64\eclipse\configuration\org.eclipse.osgi\1025\0\.cp\lib\testng-remote.jar;D:\MMA_Automation\WorkSpace New\ToolsQADemoSite\target\test-classes;D:\MMA_Automation\WorkSpace New\ToolsQADemoSite\target\classes;D:\Users\ashokpandian.s\.m2\repository\org\testng\testng\7.0.0\testng-7.0.0.jar;D:\Users\ashokpandian.s\.m2\repository\com\beust\jcommander\1.72\jcommander-1.72.jar;D:\Users\ashokpandian.s\.m2\repository\org\seleniumhq\selenium\selenium-java\3.141.59\selenium-java-3.141.59.jar;D:\Users\ashokpandian.s\.m2\repository\org\seleniumhq\selenium\selenium-api\3.141.59\selenium-api-3.141.59.jar;D:\Users\ashokpandian.s\.m2\repository\org\seleniumhq\selenium\selenium-chrome-driver\3.141.59\selenium-chrome-driver-3.141.59.jar;D:\Users\ashokpandian.s\.m2\repository\org\seleniumhq\selenium\selenium-edge-driver\3.141.59\selenium-edge-driver-3.141.59.jar;D:\Users\ashokpandian.s\.m2\repository\org\seleniumhq\selenium\selenium-firefox-driver\3.141.59\selenium-firefox-driver-3.141.59.jar;D:\Users\ashokpandian.s\.m2\repository\org\seleniumhq\selenium\selenium-ie-driver\3.141.59\selenium-ie-driver-3.141.59.jar;D:\Users\ashokpandian.s\.m2\repository\org\seleniumhq\selenium\selenium-opera-driver\3.141.59\selenium-opera-driver-3.141.59.jar;D:\Users\ashokpandian.s\.m2\repository\org\seleniumhq\selenium\selenium-remote-driver\3.141.59\selenium-remote-driver-3.141.59.jar;D:\Users\ashokpandian.s\.m2\repository\org\seleniumhq\selenium\selenium-safari-driver\3.141.59\selenium-safari-driver-3.141.59.jar;D:\Users\ashokpandian.s\.m2\repository\org\seleniumhq\selenium\selenium-support\3.141.59\selenium-support-3.141.59.jar;D:\Users\ashokpandian.s\.m2\repository\net\bytebuddy\byte-buddy\1.8.15\byte-buddy-1.8.15.jar;D:\Users\ashokpandian.s\.m2\repository\org\apache\commons\commons-exec\1.3\commons-exec-1.3.jar;D:\Users\ashokpandian.s\.m2\repository\com\google\guava\guava\25.0-jre\guava-25.0-jre.jar;D:\Users\
Launcher Type: SUN_STANDARD

Environment Variables:
JAVA_HOME=C:\Program Files\Java\jdk1.8.0_144
PATH=C:/Program Files/Java/jre1.8.0_144/bin/server;C:/Program Files/Java/jre1.8.0_144/bin;C:/Program Files/Java/jre1.8.0_144/lib/amd64;C:\Program Files (x86)\Common Files\Oracle\Java\javapath;C:\WINDOWS\system32;C:\WINDOWS;C:\WINDOWS\System32\Wbem;C:\WINDOWS\System32\WindowsPowerShell\v1.0\;C:\Windows\CCM;C:\Program Files\Common Files\ThinPrint\;C:\Program Files\Java\jdk1.8.0_144\bin;D:\MMA_Automation\apache-maven-3.6.0\bin;D:\Users\ashokpandian.s\AppData\Local\Microsoft\WindowsApps;;D:\Users\ashokpandian.s\Downloads\eclipse-jee-2018-09-win32-x86_64\eclipse;
USERNAME=ashokpandian.s
OS=Windows_NT
PROCESSOR_IDENTIFIER=Intel64 Family 6 Model 79 Stepping 1, GenuineIntel



---------------  S Y S T E M  ---------------

OS: Windows 10.0 , 64 bit Build 16299 (10.0.16299.1146)

CPU:total 4 (initial active 4) (4 cores per cpu, 1 threads per core) family 6 model 79 stepping 1, cmov, cx8, fxsr, mmx, sse, sse2, sse3, ssse3, sse4.1, sse4.2, popcnt, avx, avx2, aes, clmul, erms, rtm, 3dnowpref, lzcnt, tsc, tscinvbit, bmi1, bmi2, adx

Memory: 4k page, physical 6290996k(360656k free), swap 9436724k(208k free)

vm_info: Java HotSpot(TM) 64-Bit Server VM (25.144-b01) for windows-amd64 JRE (1.8.0_144-b01), built on Jul 21 2017 21:57:33 by "java_re" with MS VC++ 10.0 (VS2010)

time: Thu Dec 19 11:59:42 2019
elapsed time: 29 seconds (0d 0h 0m 29s)

