2019-12-18 11:51:29 INFO  TestBase:33 - 'chrome' Browser Successfully Launched
2019-12-18 11:51:38 INFO  TestBase:48 - 'https://demoqa.com/' URL is Successfully Launched
2019-12-18 11:52:47 INFO  TestBase:63 - Value '' is selected from the dropdown
2019-12-18 11:52:49 INFO  TestBase:55 - 'chrome' Browser is Successfully Closed
2019-12-18 11:58:22 INFO  TestBase:33 - 'chrome' Browser Successfully Launched
2019-12-18 11:58:37 INFO  TestBase:48 - 'https://demoqa.com/' URL is Successfully Launched
2019-12-18 11:59:16 INFO  TestBase:64 - Value 'AppleScript' is selected from the dropdown
2019-12-18 11:59:17 INFO  TestBase:55 - 'chrome' Browser is Successfully Closed
2019-12-19 11:27:08 INFO  TestBase:33 - 'chrome' Browser Successfully Launched
2019-12-19 11:27:17 INFO  TestBase:48 - 'https://demoqa.com/' URL is Successfully Launched
2019-12-19 11:28:19 INFO  TestBase:64 - Value 'AppleScript' is selected from the dropdown
2019-12-19 11:28:21 INFO  TestBase:55 - 'chrome' Browser is Successfully Closed
2019-12-19 11:57:13 INFO  TestBase:40 - 'chrome' Browser Successfully Launched
2019-12-19 11:57:23 INFO  TestBase:58 - 'https://demoqa.com/' URL is Successfully Launched
2019-12-19 13:09:27 INFO  TestBase:40 - 'chrome' Browser Successfully Launched
2019-12-19 13:09:39 INFO  TestBase:58 - 'https://demoqa.com/' URL is Successfully Launched
2019-12-19 13:10:04 INFO  TestBase:75 - Value 'AppleScript' is selected from the dropdown
2019-12-19 13:10:06 INFO  TestBase:65 - 'chrome' Browser is Successfully Closed
2019-12-19 13:13:19 INFO  TestBase:40 - 'chrome' Browser Successfully Launched
2019-12-19 13:13:28 INFO  TestBase:58 - 'https://demoqa.com/' URL is Successfully Launched
2019-12-19 13:14:01 INFO  TestBase:75 - Value 'AppleScript' is selected from the dropdown
2019-12-19 13:14:03 INFO  TestBase:65 - 'chrome' Browser is Successfully Closed
2019-12-19 13:16:25 INFO  TestBase:40 - 'chrome' Browser Successfully Launched
2019-12-19 13:16:33 INFO  TestBase:58 - 'https://demoqa.com/' URL is Successfully Launched
2019-12-19 13:17:06 INFO  TestBase:75 - Value 'AppleScript' is selected from the dropdown
2019-12-19 13:17:08 INFO  TestBase:65 - 'chrome' Browser is Successfully Closed
2019-12-23 18:26:49 INFO  TestBase:40 - 'chrome' Browser Successfully Launched
2019-12-23 18:26:58 INFO  TestBase:58 - 'https://demoqa.com/' URL is Successfully Launched
2019-12-23 18:27:48 INFO  TestBase:75 - Value 'AppleScript' is selected from the dropdown
2019-12-23 18:27:49 INFO  TestBase:65 - 'chrome' Browser is Successfully Closed
